[Mon Aug 20 23:15:51.353364 2018] [mpm_winnt:notice] [pid 8864:tid 608] AH00455: Apache/2.4.34 (Win64) PHP/7.2.9 configured -- resuming normal operations
[Mon Aug 20 23:15:51.353749 2018] [mpm_winnt:notice] [pid 8864:tid 608] AH00456: Apache Lounge VC15 Server built: Aug 15 2018 11:38:51
[Mon Aug 20 23:15:51.353749 2018] [core:notice] [pid 8864:tid 608] AH00094: Command line: 'C:\\ApacheWebServer\\bin\\httpd.exe -d C:/ApacheWebServer'
[Mon Aug 20 23:15:51.356254 2018] [mpm_winnt:notice] [pid 8864:tid 608] AH00418: Parent: Created child process 2060
[Mon Aug 20 23:15:51.853165 2018] [mpm_winnt:notice] [pid 2060:tid 588] AH00354: Child: Starting 64 worker threads.
[Mon Aug 20 23:17:52.865789 2018] [mpm_winnt:notice] [pid 8864:tid 608] AH00422: Parent: Received shutdown signal -- Shutting down the server.
[Mon Aug 20 23:17:54.896416 2018] [mpm_winnt:notice] [pid 2060:tid 588] AH00364: Child: All worker threads have exited.
[Mon Aug 20 23:17:54.943284 2018] [mpm_winnt:notice] [pid 8864:tid 608] AH00430: Parent: Child process 2060 exited successfully.
[Wed Aug 22 21:54:58.048762 2018] [mpm_winnt:notice] [pid 6244:tid 656] AH00455: Apache/2.4.34 (Win64) PHP/7.2.9 configured -- resuming normal operations
[Wed Aug 22 21:54:58.064416 2018] [mpm_winnt:notice] [pid 6244:tid 656] AH00456: Apache Lounge VC15 Server built: Aug 15 2018 11:38:51
[Wed Aug 22 21:54:58.064416 2018] [core:notice] [pid 6244:tid 656] AH00094: Command line: 'C:\\ApacheWebServer\\bin\\httpd.exe -d C:/ApacheWebServer'
[Wed Aug 22 21:54:58.064416 2018] [mpm_winnt:notice] [pid 6244:tid 656] AH00418: Parent: Created child process 8900
[Wed Aug 22 21:54:58.955047 2018] [mpm_winnt:notice] [pid 8900:tid 564] AH00354: Child: Starting 64 worker threads.
[Wed Aug 29 22:40:10.380002 2018] [mpm_winnt:notice] [pid 6244:tid 656] AH00422: Parent: Received shutdown signal -- Shutting down the server.
[Wed Aug 29 22:40:12.516475 2018] [mpm_winnt:notice] [pid 8900:tid 564] AH00364: Child: All worker threads have exited.
[Wed Aug 29 22:40:13.144353 2018] [mpm_winnt:notice] [pid 6244:tid 656] AH00430: Parent: Child process 8900 exited successfully.
[Wed Aug 29 22:42:20.238915 2018] [mpm_winnt:notice] [pid 5300:tid 616] AH00455: Apache/2.4.34 (Win64) PHP/7.2.9 configured -- resuming normal operations
[Wed Aug 29 22:42:20.254542 2018] [mpm_winnt:notice] [pid 5300:tid 616] AH00456: Apache Lounge VC15 Server built: Aug 15 2018 11:38:51
[Wed Aug 29 22:42:20.255053 2018] [core:notice] [pid 5300:tid 616] AH00094: Command line: 'C:\\ApacheWebServer\\bin\\httpd.exe -d C:/ApacheWebServer'
[Wed Aug 29 22:42:20.260538 2018] [mpm_winnt:notice] [pid 5300:tid 616] AH00418: Parent: Created child process 2360
[Wed Aug 29 22:42:20.764349 2018] [mpm_winnt:notice] [pid 2360:tid 624] AH00354: Child: Starting 64 worker threads.
[Wed Aug 29 22:42:32.515154 2018] [core:error] [pid 2360:tid 1068] (20023)The given path was above the root path: [client 127.0.0.1:62727] AH00127: Cannot map GET / HTTP/1.1 to file
[Wed Aug 29 22:42:37.487974 2018] [core:error] [pid 2360:tid 1068] (20023)The given path was above the root path: [client 127.0.0.1:62727] AH00127: Cannot map GET / HTTP/1.1 to file
[Wed Aug 29 22:42:40.862394 2018] [core:error] [pid 2360:tid 1068] (20023)The given path was above the root path: [client 127.0.0.1:62769] AH00127: Cannot map GET / HTTP/1.1 to file
[Wed Aug 29 22:42:42.493227 2018] [core:error] [pid 2360:tid 1068] (20023)The given path was above the root path: [client 127.0.0.1:62769] AH00127: Cannot map GET / HTTP/1.1 to file
[Wed Aug 29 22:45:22.761634 2018] [core:error] [pid 2360:tid 1068] (20023)The given path was above the root path: [client 127.0.0.1:62898] AH00127: Cannot map GET / HTTP/1.1 to file
[Wed Aug 29 22:45:23.920309 2018] [core:error] [pid 2360:tid 1068] (20023)The given path was above the root path: [client 127.0.0.1:62898] AH00127: Cannot map GET / HTTP/1.1 to file
[Wed Aug 29 22:45:24.451151 2018] [core:error] [pid 2360:tid 1068] (20023)The given path was above the root path: [client 127.0.0.1:62898] AH00127: Cannot map GET / HTTP/1.1 to file
[Wed Aug 29 22:47:46.517104 2018] [mpm_winnt:notice] [pid 5300:tid 616] AH00424: Parent: Received restart signal -- Restarting the server.
[Wed Aug 29 22:47:46.627572 2018] [mpm_winnt:notice] [pid 5300:tid 616] AH00455: Apache/2.4.34 (Win64) PHP/7.2.9 configured -- resuming normal operations
[Wed Aug 29 22:47:46.627572 2018] [mpm_winnt:notice] [pid 5300:tid 616] AH00456: Apache Lounge VC15 Server built: Aug 15 2018 11:38:51
[Wed Aug 29 22:47:46.627572 2018] [core:notice] [pid 5300:tid 616] AH00094: Command line: 'C:\\ApacheWebServer\\bin\\httpd.exe -d C:/ApacheWebServer'
[Wed Aug 29 22:47:46.627572 2018] [mpm_winnt:notice] [pid 5300:tid 616] AH00418: Parent: Created child process 4372
[Wed Aug 29 22:47:47.524010 2018] [mpm_winnt:notice] [pid 4372:tid 548] AH00354: Child: Starting 64 worker threads.
[Wed Aug 29 22:47:48.527462 2018] [mpm_winnt:notice] [pid 2360:tid 624] AH00364: Child: All worker threads have exited.
[Thu Aug 30 23:11:50.312358 2018] [php7:error] [pid 4372:tid 1088] [client 127.0.0.1:64628] script 'C:/ApacheWebServer/BDUPServer/api/index.php' not found or unable to stat
[Thu Aug 30 23:11:55.377918 2018] [php7:error] [pid 4372:tid 1088] [client 127.0.0.1:64629] script 'C:/ApacheWebServer/BDUPServer/api/index.php' not found or unable to stat
[Thu Aug 30 23:12:18.665879 2018] [php7:error] [pid 4372:tid 1088] [client 127.0.0.1:64632] script 'C:/ApacheWebServer/BDUPServer/api/index.php' not found or unable to stat
[Thu Aug 30 23:18:38.878258 2018] [mpm_winnt:notice] [pid 5300:tid 616] AH00424: Parent: Received restart signal -- Restarting the server.
[Thu Aug 30 23:18:40.924541 2018] [mpm_winnt:notice] [pid 4372:tid 548] AH00364: Child: All worker threads have exited.
AH00526: Syntax error on line 266 of C:/ApacheWebServer/conf/httpd.conf:
Either all Options must start with + or -, or no Option may.
[Thu Aug 30 23:19:34.905207 2018] [core:warn] [pid 844:tid 596] AH00098: pid file C:/ApacheWebServer/logs/httpd.pid overwritten -- Unclean shutdown of previous Apache run?
[Thu Aug 30 23:19:34.936454 2018] [mpm_winnt:notice] [pid 844:tid 596] AH00455: Apache/2.4.34 (Win64) PHP/7.2.9 configured -- resuming normal operations
[Thu Aug 30 23:19:34.936454 2018] [mpm_winnt:notice] [pid 844:tid 596] AH00456: Apache Lounge VC15 Server built: Aug 15 2018 11:38:51
[Thu Aug 30 23:19:34.936454 2018] [core:notice] [pid 844:tid 596] AH00094: Command line: 'C:\\ApacheWebServer\\bin\\httpd.exe -d C:/ApacheWebServer'
[Thu Aug 30 23:19:34.952726 2018] [mpm_winnt:notice] [pid 844:tid 596] AH00418: Parent: Created child process 8356
[Thu Aug 30 23:19:35.436773 2018] [mpm_winnt:notice] [pid 8356:tid 544] AH00354: Child: Starting 64 worker threads.
[Thu Aug 30 23:19:41.249832 2018] [autoindex:error] [pid 8356:tid 1072] [client 127.0.0.1:65247] AH01276: Cannot serve directory C:/ApacheWebServer/BDUPServer/www/: No matching DirectoryIndex (index.html,index.htm,index.shtml,index.php) found, and server-generated directory index forbidden by Options directive
[Thu Aug 30 23:19:42.164473 2018] [autoindex:error] [pid 8356:tid 1072] [client 127.0.0.1:65247] AH01276: Cannot serve directory C:/ApacheWebServer/BDUPServer/www/: No matching DirectoryIndex (index.html,index.htm,index.shtml,index.php) found, and server-generated directory index forbidden by Options directive
[Thu Aug 30 23:20:05.080862 2018] [php7:error] [pid 8356:tid 1072] [client 127.0.0.1:65345] script 'C:/ApacheWebServer/BDUPServer/api/index.php' not found or unable to stat
[Thu Aug 30 23:24:37.590242 2018] [mpm_winnt:notice] [pid 844:tid 596] AH00424: Parent: Received restart signal -- Restarting the server.
[Thu Aug 30 23:24:37.743039 2018] [mpm_winnt:notice] [pid 844:tid 596] AH00455: Apache/2.4.34 (Win64) PHP/7.2.9 configured -- resuming normal operations
[Thu Aug 30 23:24:37.743039 2018] [mpm_winnt:notice] [pid 844:tid 596] AH00456: Apache Lounge VC15 Server built: Aug 15 2018 11:38:51
[Thu Aug 30 23:24:37.743039 2018] [core:notice] [pid 844:tid 596] AH00094: Command line: 'C:\\ApacheWebServer\\bin\\httpd.exe -d C:/ApacheWebServer'
[Thu Aug 30 23:24:37.747639 2018] [mpm_winnt:notice] [pid 844:tid 596] AH00418: Parent: Created child process 5616
[Thu Aug 30 23:24:38.606754 2018] [mpm_winnt:notice] [pid 5616:tid 544] AH00354: Child: Starting 64 worker threads.
[Thu Aug 30 23:24:39.622564 2018] [mpm_winnt:notice] [pid 8356:tid 544] AH00364: Child: All worker threads have exited.
[Fri Sep 07 23:44:36.730742 2018] [mpm_winnt:notice] [pid 844:tid 596] AH00424: Parent: Received restart signal -- Restarting the server.
[Fri Sep 07 23:44:39.360917 2018] [mpm_winnt:notice] [pid 5616:tid 544] AH00364: Child: All worker threads have exited.
[Fri Sep 07 23:44:40.220880 2018] [mpm_winnt:notice] [pid 844:tid 596] AH00455: Apache/2.4.34 (Win64) PHP/7.2.9 configured -- resuming normal operations
[Fri Sep 07 23:44:40.221880 2018] [mpm_winnt:notice] [pid 844:tid 596] AH00456: Apache Lounge VC15 Server built: Aug 15 2018 11:38:51
[Fri Sep 07 23:44:40.221880 2018] [core:notice] [pid 844:tid 596] AH00094: Command line: 'C:\\ApacheWebServer\\bin\\httpd.exe -d C:/ApacheWebServer'
[Fri Sep 07 23:44:40.226883 2018] [mpm_winnt:notice] [pid 844:tid 596] AH00418: Parent: Created child process 6412
[Fri Sep 07 23:44:40.778510 2018] [mpm_winnt:notice] [pid 6412:tid 540] AH00354: Child: Starting 64 worker threads.
[Fri Sep 07 23:55:29.220878 2018] [mpm_winnt:notice] [pid 844:tid 596] AH00424: Parent: Received restart signal -- Restarting the server.
PHP Warning:  PHP Startup: Unable to load dynamic library '/ext/php_mysqli.dll' (tried: /ext/php_mysqli.dll (\xef\xbf\xbd\xef\xbf\xbd \xef\xbf\xbd\xef\xbf\xbd\xef\xbf\xbd\xef\xbf\xbd\xef\xbf\xbd\xef\xbf\xbd \xef\xbf\xbd\xef\xbf\xbd\xef\xbf\xbd\xef\xbf\xbd\xef\xbf\xbd\xef\xbf\xbd\xef\xbf\xbd\xef\xbf\xbd \xef\xbf\xbd\xef\xbf\xbd\xef\xbf\xbd\xef\xbf\xbd\xef\xbf\xbd.), C:\\php\\ext\\php_/ext/php_mysqli.dll.dll (\xef\xbf\xbd\xef\xbf\xbd \xef\xbf\xbd\xef\xbf\xbd\xef\xbf\xbd\xef\xbf\xbd\xef\xbf\xbd\xef\xbf\xbd \xef\xbf\xbd\xef\xbf\xbd\xef\xbf\xbd\xef\xbf\xbd\xef\xbf\xbd\xef\xbf\xbd\xef\xbf\xbd\xef\xbf\xbd \xef\xbf\xbd\xef\xbf\xbd\xef\xbf\xbd\xef\xbf\xbd\xef\xbf\xbd.)) in Unknown on line 0
[Fri Sep 07 23:55:29.538761 2018] [mpm_winnt:notice] [pid 844:tid 596] AH00455: Apache/2.4.34 (Win64) PHP/7.2.9 configured -- resuming normal operations
[Fri Sep 07 23:55:29.538761 2018] [mpm_winnt:notice] [pid 844:tid 596] AH00456: Apache Lounge VC15 Server built: Aug 15 2018 11:38:51
[Fri Sep 07 23:55:29.538761 2018] [core:notice] [pid 844:tid 596] AH00094: Command line: 'C:\\ApacheWebServer\\bin\\httpd.exe -d C:/ApacheWebServer'
[Fri Sep 07 23:55:29.538761 2018] [mpm_winnt:notice] [pid 844:tid 596] AH00418: Parent: Created child process 7388
PHP Warning:  PHP Startup: Unable to load dynamic library '/ext/php_mysqli.dll' (tried: /ext/php_mysqli.dll (\xef\xbf\xbd\xef\xbf\xbd \xef\xbf\xbd\xef\xbf\xbd\xef\xbf\xbd\xef\xbf\xbd\xef\xbf\xbd\xef\xbf\xbd \xef\xbf\xbd\xef\xbf\xbd\xef\xbf\xbd\xef\xbf\xbd\xef\xbf\xbd\xef\xbf\xbd\xef\xbf\xbd\xef\xbf\xbd \xef\xbf\xbd\xef\xbf\xbd\xef\xbf\xbd\xef\xbf\xbd\xef\xbf\xbd.), C:\\php\\ext\\php_/ext/php_mysqli.dll.dll (\xef\xbf\xbd\xef\xbf\xbd \xef\xbf\xbd\xef\xbf\xbd\xef\xbf\xbd\xef\xbf\xbd\xef\xbf\xbd\xef\xbf\xbd \xef\xbf\xbd\xef\xbf\xbd\xef\xbf\xbd\xef\xbf\xbd\xef\xbf\xbd\xef\xbf\xbd\xef\xbf\xbd\xef\xbf\xbd \xef\xbf\xbd\xef\xbf\xbd\xef\xbf\xbd\xef\xbf\xbd\xef\xbf\xbd.)) in Unknown on line 0
[Fri Sep 07 23:55:30.242503 2018] [mpm_winnt:notice] [pid 7388:tid 576] AH00354: Child: Starting 64 worker threads.
[Fri Sep 07 23:55:31.257019 2018] [mpm_winnt:notice] [pid 6412:tid 540] AH00364: Child: All worker threads have exited.
[Sat Sep 08 00:02:14.150290 2018] [mpm_winnt:notice] [pid 844:tid 596] AH00424: Parent: Received restart signal -- Restarting the server.
PHP Warning:  PHP Startup: Unable to load dynamic library 'php_mysqli.dll' (tried: ext\\php_mysqli.dll (\xef\xbf\xbd\xef\xbf\xbd \xef\xbf\xbd\xef\xbf\xbd\xef\xbf\xbd\xef\xbf\xbd\xef\xbf\xbd\xef\xbf\xbd \xef\xbf\xbd\xef\xbf\xbd\xef\xbf\xbd\xef\xbf\xbd\xef\xbf\xbd\xef\xbf\xbd\xef\xbf\xbd\xef\xbf\xbd \xef\xbf\xbd\xef\xbf\xbd\xef\xbf\xbd\xef\xbf\xbd\xef\xbf\xbd.), ext\\php_php_mysqli.dll.dll (\xef\xbf\xbd\xef\xbf\xbd \xef\xbf\xbd\xef\xbf\xbd\xef\xbf\xbd\xef\xbf\xbd\xef\xbf\xbd\xef\xbf\xbd \xef\xbf\xbd\xef\xbf\xbd\xef\xbf\xbd\xef\xbf\xbd\xef\xbf\xbd\xef\xbf\xbd\xef\xbf\xbd\xef\xbf\xbd \xef\xbf\xbd\xef\xbf\xbd\xef\xbf\xbd\xef\xbf\xbd\xef\xbf\xbd.)) in Unknown on line 0
[Sat Sep 08 00:02:14.236351 2018] [mpm_winnt:notice] [pid 844:tid 596] AH00455: Apache/2.4.34 (Win64) PHP/7.2.9 configured -- resuming normal operations
[Sat Sep 08 00:02:14.236351 2018] [mpm_winnt:notice] [pid 844:tid 596] AH00456: Apache Lounge VC15 Server built: Aug 15 2018 11:38:51
[Sat Sep 08 00:02:14.236351 2018] [core:notice] [pid 844:tid 596] AH00094: Command line: 'C:\\ApacheWebServer\\bin\\httpd.exe -d C:/ApacheWebServer'
[Sat Sep 08 00:02:14.237348 2018] [mpm_winnt:notice] [pid 844:tid 596] AH00418: Parent: Created child process 2380
PHP Warning:  PHP Startup: Unable to load dynamic library 'php_mysqli.dll' (tried: ext\\php_mysqli.dll (\xef\xbf\xbd\xef\xbf\xbd \xef\xbf\xbd\xef\xbf\xbd\xef\xbf\xbd\xef\xbf\xbd\xef\xbf\xbd\xef\xbf\xbd \xef\xbf\xbd\xef\xbf\xbd\xef\xbf\xbd\xef\xbf\xbd\xef\xbf\xbd\xef\xbf\xbd\xef\xbf\xbd\xef\xbf\xbd \xef\xbf\xbd\xef\xbf\xbd\xef\xbf\xbd\xef\xbf\xbd\xef\xbf\xbd.), ext\\php_php_mysqli.dll.dll (\xef\xbf\xbd\xef\xbf\xbd \xef\xbf\xbd\xef\xbf\xbd\xef\xbf\xbd\xef\xbf\xbd\xef\xbf\xbd\xef\xbf\xbd \xef\xbf\xbd\xef\xbf\xbd\xef\xbf\xbd\xef\xbf\xbd\xef\xbf\xbd\xef\xbf\xbd\xef\xbf\xbd\xef\xbf\xbd \xef\xbf\xbd\xef\xbf\xbd\xef\xbf\xbd\xef\xbf\xbd\xef\xbf\xbd.)) in Unknown on line 0
[Sat Sep 08 00:02:15.150925 2018] [mpm_winnt:notice] [pid 2380:tid 488] AH00354: Child: Starting 64 worker threads.
[Sat Sep 08 00:02:16.151644 2018] [mpm_winnt:notice] [pid 7388:tid 576] AH00364: Child: All worker threads have exited.
